2018-12-16 18:53:24 [127.0.0.1][-][3fd4f7bb5714d8pcefh7dmk644][error][yii\web\HttpException:404] yii\base\InvalidRouteException: Unable to resolve the request "static/fonts/fontawesome-webfont93e3.woff2". in E:\webApp\vendor\yiisoft\yii2\base\Module.php:537
Stack trace:
#0 E:\webApp\vendor\yiisoft\yii2\web\Application.php(104): yii\base\Module->runAction('static/fonts/fo...', Array)
#1 E:\webApp\vendor\yiisoft\yii2\base\Application.php(386): yii\web\Application->handleRequest(Object(yii\web\Request))
#2 E:\webApp\frontend\web\index.php(17): yii\base\Application->run()
#3 {main}

Next yii\web\NotFoundHttpException: 页面未找到。 in E:\webApp\vendor\yiisoft\yii2\web\Application.php:116
Stack trace:
#0 E:\webApp\vendor\yiisoft\yii2\base\Application.php(386): yii\web\Application->handleRequest(Object(yii\web\Request))
#1 E:\webApp\frontend\web\index.php(17): yii\base\Application->run()
#2 {main}
2018-12-16 18:53:24 [127.0.0.1][-][3fd4f7bb5714d8pcefh7dmk644][info][application] $_GET = [
    'v' => '4.4.0'
]

$_POST = []

$_FILES = []

$_COOKIE = [
    'PHPSESSID' => '3fd4f7bb5714d8pcefh7dmk644'
    '_csrf' => '129dfe155dfaf2d1cf8eea89b6c786d5f99ec25fdab0abfe40b8afb4b3bd435ea:2:{i:0;s:5:\"_csrf\";i:1;s:32:\"F1yUMAmS95hePoXjEjvaguTMNk_BugF2\";}'
]

$_SESSION = [
    '__flash' => []
]

$_SERVER = [
    'ALLUSERSPROFILE' => 'C:\\ProgramData'
    'APPDATA' => 'C:\\Users\\FOCUS\\AppData\\Roaming'
    'CommonProgramFiles' => 'C:\\Program Files\\Common Files'
    'CommonProgramFiles(x86)' => 'C:\\Program Files (x86)\\Common Files'
    'CommonProgramW6432' => 'C:\\Program Files\\Common Files'
    'COMPUTERNAME' => 'DESKTOP-JJ1DDK5'
    'ComSpec' => 'C:\\WINDOWS\\system32\\cmd.exe'
    'DriverData' => 'C:\\Windows\\System32\\Drivers\\DriverData'
    'HOMEDRIVE' => 'C:'
    'HOMEPATH' => '\\Users\\FOCUS'
    'LOCALAPPDATA' => 'C:\\Users\\FOCUS\\AppData\\Local'
    'LOGONSERVER' => '\\\\DESKTOP-JJ1DDK5'
    'NUMBER_OF_PROCESSORS' => '8'
    'OneDrive' => 'C:\\Users\\FOCUS\\OneDrive'
    'OS' => 'Windows_NT'
    'Path' => 'C:\\Program Files (x86)\\Intel\\iCLS Client\\;C:\\Program Files\\Intel\\iCLS Client\\;C:\\Windows\\system32;C:\\Windows;C:\\Windows\\System32\\Wbem;C:\\Windows\\System32\\WindowsPowerShell\\v1.0\\;C:\\Program Files (x86)\\NVIDIA Corporation\\PhysX\\Common;C:\\Program Files (x86)\\Intel\\Intel(R) Management Engine Components\\DAL;C:\\Program Files\\Intel\\Intel(R) Management Engine Components\\DAL;C:\\Program Files (x86)\\Intel\\Intel(R) Management Engine Components\\IPT;C:\\Program Files\\Intel\\Intel(R) Management Engine Components\\IPT;E:\\phpStudy\\php\\php-7.0.12-nts;C:\\ProgramData\\ComposerSetup\\bin;C:\\WINDOWS\\system32;C:\\WINDOWS;C:\\WINDOWS\\System32\\Wbem;C:\\WINDOWS\\System32\\WindowsPowerShell\\v1.0\\;C:\\Program Files\\TortoiseSVN\\bin;C:\\WINDOWS\\System32\\OpenSSH\\;C:\\Program Files\\Git\\cmd;C:\\Program Files\\TortoiseGit\\bin;C:\\Users\\FOCUS\\AppData\\Roaming\\Composer\\vendor\\bin;C:\\Users\\FOCUS\\AppData\\Local\\Microsoft\\WindowsApps;'
    'PATHEXT' => '.COM;.EXE;.BAT;.CMD;.VBS;.VBE;.JS;.JSE;.WSF;.WSH;.MSC'
    'PROCESSOR_ARCHITECTURE' => 'AMD64'
    'PROCESSOR_IDENTIFIER' => 'Intel64 Family 6 Model 94 Stepping 3, GenuineIntel'
    'PROCESSOR_LEVEL' => '6'
    'PROCESSOR_REVISION' => '5e03'
    'ProgramData' => 'C:\\ProgramData'
    'ProgramFiles' => 'C:\\Program Files'
    'ProgramFiles(x86)' => 'C:\\Program Files (x86)'
    'ProgramW6432' => 'C:\\Program Files'
    'PSModulePath' => 'C:\\Program Files\\WindowsPowerShell\\Modules;C:\\WINDOWS\\system32\\WindowsPowerShell\\v1.0\\Modules'
    'PUBLIC' => 'C:\\Users\\Public'
    'SESSIONNAME' => 'Console'
    'SystemDrive' => 'C:'
    'SystemRoot' => 'C:\\WINDOWS'
    'TEMP' => 'C:\\Users\\FOCUS\\AppData\\Local\\Temp'
    'TMP' => 'C:\\Users\\FOCUS\\AppData\\Local\\Temp'
    'USERDOMAIN' => 'DESKTOP-JJ1DDK5'
    'USERDOMAIN_ROAMINGPROFILE' => 'DESKTOP-JJ1DDK5'
    'USERNAME' => 'FOCUS'
    'USERPROFILE' => 'C:\\Users\\FOCUS'
    'windir' => 'C:\\WINDOWS'
    'HTTP_COOKIE' => 'PHPSESSID=3fd4f7bb5714d8pcefh7dmk644; _csrf=129dfe155dfaf2d1cf8eea89b6c786d5f99ec25fdab0abfe40b8afb4b3bd435ea%3A2%3A%7Bi%3A0%3Bs%3A5%3A%22_csrf%22%3Bi%3A1%3Bs%3A32%3A%22F1yUMAmS95hePoXjEjvaguTMNk_BugF2%22%3B%7D'
    'HTTP_CONNECTION' => 'Keep-Alive'
    'HTTP_HOST' => 'frontend.com'
    'HTTP_USER_AGENT' => 'Mozilla/5.0 (Windows NT 10.0; Win64; x64) AppleWebKit/537.36 (KHTML, like Gecko) Chrome/64.0.3282.140 Safari/537.36 Edge/17.17134'
    'HTTP_ACCEPT_ENCODING' => 'gzip, deflate'
    'HTTP_ORIGIN' => 'http://frontend.com'
    'HTTP_REFERER' => 'http://frontend.com/'
    'HTTP_ACCEPT' => '*/*'
    'REDIRECT_STATUS' => '200'
    'SERVER_NAME' => 'frontend.com'
    'SERVER_PORT' => '80'
    'SERVER_ADDR' => '127.0.0.1'
    'REMOTE_PORT' => '65124'
    'REMOTE_ADDR' => '127.0.0.1'
    'SERVER_SOFTWARE' => 'nginx/1.11.5'
    'GATEWAY_INTERFACE' => 'CGI/1.1'
    'SERVER_PROTOCOL' => 'HTTP/1.1'
    'DOCUMENT_ROOT' => 'E:\\webApp\\frontend\\web'
    'DOCUMENT_URI' => '/index.php/static/fonts/fontawesome-webfont93e3.woff2'
    'REQUEST_URI' => '/static/fonts/fontawesome-webfont93e3.woff2?v=4.4.0'
    'SCRIPT_NAME' => '/index.php'
    'CONTENT_LENGTH' => ''
    'CONTENT_TYPE' => ''
    'REQUEST_METHOD' => 'GET'
    'QUERY_STRING' => 'v=4.4.0'
    'PATH_TRANSLATED' => 'E:\\webApp\\frontend\\web/static/fonts/fontawesome-webfont93e3.woff2'
    'PATH_INFO' => '/static/fonts/fontawesome-webfont93e3.woff2'
    'SCRIPT_FILENAME' => 'E:\\webApp\\frontend\\web/index.php'
    'FCGI_ROLE' => 'RESPONDER'
    'PHP_SELF' => '/index.php/static/fonts/fontawesome-webfont93e3.woff2'
    'REQUEST_TIME_FLOAT' => 1544957604.1291
    'REQUEST_TIME' => 1544957604
]
2018-12-16 18:53:24 [127.0.0.1][-][3fd4f7bb5714d8pcefh7dmk644][error][yii\web\HttpException:404] yii\base\InvalidRouteException: Unable to resolve the request "static/fonts/fontawesome-webfont93e3.woff". in E:\webApp\vendor\yiisoft\yii2\base\Module.php:537
Stack trace:
#0 E:\webApp\vendor\yiisoft\yii2\web\Application.php(104): yii\base\Module->runAction('static/fonts/fo...', Array)
#1 E:\webApp\vendor\yiisoft\yii2\base\Application.php(386): yii\web\Application->handleRequest(Object(yii\web\Request))
#2 E:\webApp\frontend\web\index.php(17): yii\base\Application->run()
#3 {main}

Next yii\web\NotFoundHttpException: 页面未找到。 in E:\webApp\vendor\yiisoft\yii2\web\Application.php:116
Stack trace:
#0 E:\webApp\vendor\yiisoft\yii2\base\Application.php(386): yii\web\Application->handleRequest(Object(yii\web\Request))
#1 E:\webApp\frontend\web\index.php(17): yii\base\Application->run()
#2 {main}
2018-12-16 18:53:24 [127.0.0.1][-][3fd4f7bb5714d8pcefh7dmk644][info][application] $_GET = [
    'v' => '4.4.0'
]

$_POST = []

$_FILES = []

$_COOKIE = [
    'PHPSESSID' => '3fd4f7bb5714d8pcefh7dmk644'
    '_csrf' => '129dfe155dfaf2d1cf8eea89b6c786d5f99ec25fdab0abfe40b8afb4b3bd435ea:2:{i:0;s:5:\"_csrf\";i:1;s:32:\"F1yUMAmS95hePoXjEjvaguTMNk_BugF2\";}'
]

$_SESSION = [
    '__flash' => []
]

$_SERVER = [
    'ALLUSERSPROFILE' => 'C:\\ProgramData'
    'APPDATA' => 'C:\\Users\\FOCUS\\AppData\\Roaming'
    'CommonProgramFiles' => 'C:\\Program Files\\Common Files'
    'CommonProgramFiles(x86)' => 'C:\\Program Files (x86)\\Common Files'
    'CommonProgramW6432' => 'C:\\Program Files\\Common Files'
    'COMPUTERNAME' => 'DESKTOP-JJ1DDK5'
    'ComSpec' => 'C:\\WINDOWS\\system32\\cmd.exe'
    'DriverData' => 'C:\\Windows\\System32\\Drivers\\DriverData'
    'HOMEDRIVE' => 'C:'
    'HOMEPATH' => '\\Users\\FOCUS'
    'LOCALAPPDATA' => 'C:\\Users\\FOCUS\\AppData\\Local'
    'LOGONSERVER' => '\\\\DESKTOP-JJ1DDK5'
    'NUMBER_OF_PROCESSORS' => '8'
    'OneDrive' => 'C:\\Users\\FOCUS\\OneDrive'
    'OS' => 'Windows_NT'
    'Path' => 'C:\\Program Files (x86)\\Intel\\iCLS Client\\;C:\\Program Files\\Intel\\iCLS Client\\;C:\\Windows\\system32;C:\\Windows;C:\\Windows\\System32\\Wbem;C:\\Windows\\System32\\WindowsPowerShell\\v1.0\\;C:\\Program Files (x86)\\NVIDIA Corporation\\PhysX\\Common;C:\\Program Files (x86)\\Intel\\Intel(R) Management Engine Components\\DAL;C:\\Program Files\\Intel\\Intel(R) Management Engine Components\\DAL;C:\\Program Files (x86)\\Intel\\Intel(R) Management Engine Components\\IPT;C:\\Program Files\\Intel\\Intel(R) Management Engine Components\\IPT;E:\\phpStudy\\php\\php-7.0.12-nts;C:\\ProgramData\\ComposerSetup\\bin;C:\\WINDOWS\\system32;C:\\WINDOWS;C:\\WINDOWS\\System32\\Wbem;C:\\WINDOWS\\System32\\WindowsPowerShell\\v1.0\\;C:\\Program Files\\TortoiseSVN\\bin;C:\\WINDOWS\\System32\\OpenSSH\\;C:\\Program Files\\Git\\cmd;C:\\Program Files\\TortoiseGit\\bin;C:\\Users\\FOCUS\\AppData\\Roaming\\Composer\\vendor\\bin;C:\\Users\\FOCUS\\AppData\\Local\\Microsoft\\WindowsApps;'
    'PATHEXT' => '.COM;.EXE;.BAT;.CMD;.VBS;.VBE;.JS;.JSE;.WSF;.WSH;.MSC'
    'PROCESSOR_ARCHITECTURE' => 'AMD64'
    'PROCESSOR_IDENTIFIER' => 'Intel64 Family 6 Model 94 Stepping 3, GenuineIntel'
    'PROCESSOR_LEVEL' => '6'
    'PROCESSOR_REVISION' => '5e03'
    'ProgramData' => 'C:\\ProgramData'
    'ProgramFiles' => 'C:\\Program Files'
    'ProgramFiles(x86)' => 'C:\\Program Files (x86)'
    'ProgramW6432' => 'C:\\Program Files'
    'PSModulePath' => 'C:\\Program Files\\WindowsPowerShell\\Modules;C:\\WINDOWS\\system32\\WindowsPowerShell\\v1.0\\Modules'
    'PUBLIC' => 'C:\\Users\\Public'
    'SESSIONNAME' => 'Console'
    'SystemDrive' => 'C:'
    'SystemRoot' => 'C:\\WINDOWS'
    'TEMP' => 'C:\\Users\\FOCUS\\AppData\\Local\\Temp'
    'TMP' => 'C:\\Users\\FOCUS\\AppData\\Local\\Temp'
    'USERDOMAIN' => 'DESKTOP-JJ1DDK5'
    'USERDOMAIN_ROAMINGPROFILE' => 'DESKTOP-JJ1DDK5'
    'USERNAME' => 'FOCUS'
    'USERPROFILE' => 'C:\\Users\\FOCUS'
    'windir' => 'C:\\WINDOWS'
    'HTTP_COOKIE' => 'PHPSESSID=3fd4f7bb5714d8pcefh7dmk644; _csrf=129dfe155dfaf2d1cf8eea89b6c786d5f99ec25fdab0abfe40b8afb4b3bd435ea%3A2%3A%7Bi%3A0%3Bs%3A5%3A%22_csrf%22%3Bi%3A1%3Bs%3A32%3A%22F1yUMAmS95hePoXjEjvaguTMNk_BugF2%22%3B%7D'
    'HTTP_CONNECTION' => 'Keep-Alive'
    'HTTP_HOST' => 'frontend.com'
    'HTTP_USER_AGENT' => 'Mozilla/5.0 (Windows NT 10.0; Win64; x64) AppleWebKit/537.36 (KHTML, like Gecko) Chrome/64.0.3282.140 Safari/537.36 Edge/17.17134'
    'HTTP_ACCEPT_ENCODING' => 'gzip, deflate'
    'HTTP_ORIGIN' => 'http://frontend.com'
    'HTTP_REFERER' => 'http://frontend.com/'
    'HTTP_ACCEPT' => '*/*'
    'REDIRECT_STATUS' => '200'
    'SERVER_NAME' => 'frontend.com'
    'SERVER_PORT' => '80'
    'SERVER_ADDR' => '127.0.0.1'
    'REMOTE_PORT' => '65132'
    'REMOTE_ADDR' => '127.0.0.1'
    'SERVER_SOFTWARE' => 'nginx/1.11.5'
    'GATEWAY_INTERFACE' => 'CGI/1.1'
    'SERVER_PROTOCOL' => 'HTTP/1.1'
    'DOCUMENT_ROOT' => 'E:\\webApp\\frontend\\web'
    'DOCUMENT_URI' => '/index.php/static/fonts/fontawesome-webfont93e3.woff'
    'REQUEST_URI' => '/static/fonts/fontawesome-webfont93e3.woff?v=4.4.0'
    'SCRIPT_NAME' => '/index.php'
    'CONTENT_LENGTH' => ''
    'CONTENT_TYPE' => ''
    'REQUEST_METHOD' => 'GET'
    'QUERY_STRING' => 'v=4.4.0'
    'PATH_TRANSLATED' => 'E:\\webApp\\frontend\\web/static/fonts/fontawesome-webfont93e3.woff'
    'PATH_INFO' => '/static/fonts/fontawesome-webfont93e3.woff'
    'SCRIPT_FILENAME' => 'E:\\webApp\\frontend\\web/index.php'
    'FCGI_ROLE' => 'RESPONDER'
    'PHP_SELF' => '/index.php/static/fonts/fontawesome-webfont93e3.woff'
    'REQUEST_TIME_FLOAT' => 1544957604.3617
    'REQUEST_TIME' => 1544957604
]
2018-12-16 18:53:24 [127.0.0.1][-][3fd4f7bb5714d8pcefh7dmk644][error][yii\web\HttpException:404] yii\base\InvalidRouteException: Unable to resolve the request "static/fonts/fontawesome-webfont93e3.ttf". in E:\webApp\vendor\yiisoft\yii2\base\Module.php:537
Stack trace:
#0 E:\webApp\vendor\yiisoft\yii2\web\Application.php(104): yii\base\Module->runAction('static/fonts/fo...', Array)
#1 E:\webApp\vendor\yiisoft\yii2\base\Application.php(386): yii\web\Application->handleRequest(Object(yii\web\Request))
#2 E:\webApp\frontend\web\index.php(17): yii\base\Application->run()
#3 {main}

Next yii\web\NotFoundHttpException: 页面未找到。 in E:\webApp\vendor\yiisoft\yii2\web\Application.php:116
Stack trace:
#0 E:\webApp\vendor\yiisoft\yii2\base\Application.php(386): yii\web\Application->handleRequest(Object(yii\web\Request))
#1 E:\webApp\frontend\web\index.php(17): yii\base\Application->run()
#2 {main}
2018-12-16 18:53:24 [127.0.0.1][-][3fd4f7bb5714d8pcefh7dmk644][info][application] $_GET = [
    'v' => '4.4.0'
]

$_POST = []

$_FILES = []

$_COOKIE = [
    'PHPSESSID' => '3fd4f7bb5714d8pcefh7dmk644'
    '_csrf' => '129dfe155dfaf2d1cf8eea89b6c786d5f99ec25fdab0abfe40b8afb4b3bd435ea:2:{i:0;s:5:\"_csrf\";i:1;s:32:\"F1yUMAmS95hePoXjEjvaguTMNk_BugF2\";}'
]

$_SESSION = [
    '__flash' => []
]

$_SERVER = [
    'ALLUSERSPROFILE' => 'C:\\ProgramData'
    'APPDATA' => 'C:\\Users\\FOCUS\\AppData\\Roaming'
    'CommonProgramFiles' => 'C:\\Program Files\\Common Files'
    'CommonProgramFiles(x86)' => 'C:\\Program Files (x86)\\Common Files'
    'CommonProgramW6432' => 'C:\\Program Files\\Common Files'
    'COMPUTERNAME' => 'DESKTOP-JJ1DDK5'
    'ComSpec' => 'C:\\WINDOWS\\system32\\cmd.exe'
    'DriverData' => 'C:\\Windows\\System32\\Drivers\\DriverData'
    'HOMEDRIVE' => 'C:'
    'HOMEPATH' => '\\Users\\FOCUS'
    'LOCALAPPDATA' => 'C:\\Users\\FOCUS\\AppData\\Local'
    'LOGONSERVER' => '\\\\DESKTOP-JJ1DDK5'
    'NUMBER_OF_PROCESSORS' => '8'
    'OneDrive' => 'C:\\Users\\FOCUS\\OneDrive'
    'OS' => 'Windows_NT'
    'Path' => 'C:\\Program Files (x86)\\Intel\\iCLS Client\\;C:\\Program Files\\Intel\\iCLS Client\\;C:\\Windows\\system32;C:\\Windows;C:\\Windows\\System32\\Wbem;C:\\Windows\\System32\\WindowsPowerShell\\v1.0\\;C:\\Program Files (x86)\\NVIDIA Corporation\\PhysX\\Common;C:\\Program Files (x86)\\Intel\\Intel(R) Management Engine Components\\DAL;C:\\Program Files\\Intel\\Intel(R) Management Engine Components\\DAL;C:\\Program Files (x86)\\Intel\\Intel(R) Management Engine Components\\IPT;C:\\Program Files\\Intel\\Intel(R) Management Engine Components\\IPT;E:\\phpStudy\\php\\php-7.0.12-nts;C:\\ProgramData\\ComposerSetup\\bin;C:\\WINDOWS\\system32;C:\\WINDOWS;C:\\WINDOWS\\System32\\Wbem;C:\\WINDOWS\\System32\\WindowsPowerShell\\v1.0\\;C:\\Program Files\\TortoiseSVN\\bin;C:\\WINDOWS\\System32\\OpenSSH\\;C:\\Program Files\\Git\\cmd;C:\\Program Files\\TortoiseGit\\bin;C:\\Users\\FOCUS\\AppData\\Roaming\\Composer\\vendor\\bin;C:\\Users\\FOCUS\\AppData\\Local\\Microsoft\\WindowsApps;'
    'PATHEXT' => '.COM;.EXE;.BAT;.CMD;.VBS;.VBE;.JS;.JSE;.WSF;.WSH;.MSC'
    'PROCESSOR_ARCHITECTURE' => 'AMD64'
    'PROCESSOR_IDENTIFIER' => 'Intel64 Family 6 Model 94 Stepping 3, GenuineIntel'
    'PROCESSOR_LEVEL' => '6'
    'PROCESSOR_REVISION' => '5e03'
    'ProgramData' => 'C:\\ProgramData'
    'ProgramFiles' => 'C:\\Program Files'
    'ProgramFiles(x86)' => 'C:\\Program Files (x86)'
    'ProgramW6432' => 'C:\\Program Files'
    'PSModulePath' => 'C:\\Program Files\\WindowsPowerShell\\Modules;C:\\WINDOWS\\system32\\WindowsPowerShell\\v1.0\\Modules'
    'PUBLIC' => 'C:\\Users\\Public'
    'SESSIONNAME' => 'Console'
    'SystemDrive' => 'C:'
    'SystemRoot' => 'C:\\WINDOWS'
    'TEMP' => 'C:\\Users\\FOCUS\\AppData\\Local\\Temp'
    'TMP' => 'C:\\Users\\FOCUS\\AppData\\Local\\Temp'
    'USERDOMAIN' => 'DESKTOP-JJ1DDK5'
    'USERDOMAIN_ROAMINGPROFILE' => 'DESKTOP-JJ1DDK5'
    'USERNAME' => 'FOCUS'
    'USERPROFILE' => 'C:\\Users\\FOCUS'
    'windir' => 'C:\\WINDOWS'
    'HTTP_COOKIE' => 'PHPSESSID=3fd4f7bb5714d8pcefh7dmk644; _csrf=129dfe155dfaf2d1cf8eea89b6c786d5f99ec25fdab0abfe40b8afb4b3bd435ea%3A2%3A%7Bi%3A0%3Bs%3A5%3A%22_csrf%22%3Bi%3A1%3Bs%3A32%3A%22F1yUMAmS95hePoXjEjvaguTMNk_BugF2%22%3B%7D'
    'HTTP_CONNECTION' => 'Keep-Alive'
    'HTTP_HOST' => 'frontend.com'
    'HTTP_USER_AGENT' => 'Mozilla/5.0 (Windows NT 10.0; Win64; x64) AppleWebKit/537.36 (KHTML, like Gecko) Chrome/64.0.3282.140 Safari/537.36 Edge/17.17134'
    'HTTP_ACCEPT_ENCODING' => 'gzip, deflate'
    'HTTP_ORIGIN' => 'http://frontend.com'
    'HTTP_REFERER' => 'http://frontend.com/'
    'HTTP_ACCEPT' => '*/*'
    'REDIRECT_STATUS' => '200'
    'SERVER_NAME' => 'frontend.com'
    'SERVER_PORT' => '80'
    'SERVER_ADDR' => '127.0.0.1'
    'REMOTE_PORT' => '65128'
    'REMOTE_ADDR' => '127.0.0.1'
    'SERVER_SOFTWARE' => 'nginx/1.11.5'
    'GATEWAY_INTERFACE' => 'CGI/1.1'
    'SERVER_PROTOCOL' => 'HTTP/1.1'
    'DOCUMENT_ROOT' => 'E:\\webApp\\frontend\\web'
    'DOCUMENT_URI' => '/index.php/static/fonts/fontawesome-webfont93e3.ttf'
    'REQUEST_URI' => '/static/fonts/fontawesome-webfont93e3.ttf?v=4.4.0'
    'SCRIPT_NAME' => '/index.php'
    'CONTENT_LENGTH' => ''
    'CONTENT_TYPE' => ''
    'REQUEST_METHOD' => 'GET'
    'QUERY_STRING' => 'v=4.4.0'
    'PATH_TRANSLATED' => 'E:\\webApp\\frontend\\web/static/fonts/fontawesome-webfont93e3.ttf'
    'PATH_INFO' => '/static/fonts/fontawesome-webfont93e3.ttf'
    'SCRIPT_FILENAME' => 'E:\\webApp\\frontend\\web/index.php'
    'FCGI_ROLE' => 'RESPONDER'
    'PHP_SELF' => '/index.php/static/fonts/fontawesome-webfont93e3.ttf'
    'REQUEST_TIME_FLOAT' => 1544957604.5495
    'REQUEST_TIME' => 1544957604
]
2018-12-17 21:14:50 [127.0.0.1][-][-][warning][application] 请使用"fileMode"替代"useFileTransport"，"useFileTransport"在未来将不会得到支持！
    in E:\webApp\vendor\daixianceng\yii2-smser\src\Smser.php:135
    in E:\webApp\common\components\Telephone.php:29
    in E:\webApp\common\components\Common.php:44
2018-12-17 21:14:50 [127.0.0.1][-][-][info][application] $_GET = []

$_POST = [
    'telephone' => '17623006012'
    'district' => 'China (中国): +86'
]

$_FILES = []

$_COOKIE = [
    '_csrf' => '50fceebdbefbe3d605d7477dc31ad9286544c70bf8ff19909bd3f79d83c8fb3fa:2:{i:0;s:5:\"_csrf\";i:1;s:32:\"QFRxYYbHihnfTRV9R7CDO5m-iG574nC4\";}'
    'PHPSESSID' => 'fe87b4aff7r2k741dnl69vl2r2'
]

$_SESSION = [
    '__flash' => []
    '__returnUrl' => 'http://frontend.com/login'
]

$_SERVER = [
    'ALLUSERSPROFILE' => 'C:\\ProgramData'
    'APPDATA' => 'C:\\Users\\FOCUS\\AppData\\Roaming'
    'CommonProgramFiles' => 'C:\\Program Files\\Common Files'
    'CommonProgramFiles(x86)' => 'C:\\Program Files (x86)\\Common Files'
    'CommonProgramW6432' => 'C:\\Program Files\\Common Files'
    'COMPUTERNAME' => 'DESKTOP-JJ1DDK5'
    'ComSpec' => 'C:\\WINDOWS\\system32\\cmd.exe'
    'DriverData' => 'C:\\Windows\\System32\\Drivers\\DriverData'
    'FPS_BROWSER_APP_PROFILE_STRING' => 'Internet Explorer'
    'FPS_BROWSER_USER_PROFILE_STRING' => 'Default'
    'HOMEDRIVE' => 'C:'
    'HOMEPATH' => '\\Users\\FOCUS'
    'LOCALAPPDATA' => 'C:\\Users\\FOCUS\\AppData\\Local'
    'LOGONSERVER' => '\\\\DESKTOP-JJ1DDK5'
    'NUMBER_OF_PROCESSORS' => '8'
    'OneDrive' => 'C:\\Users\\FOCUS\\OneDrive'
    'OS' => 'Windows_NT'
    'Path' => 'C:\\Program Files (x86)\\Intel\\iCLS Client\\;C:\\Program Files\\Intel\\iCLS Client\\;C:\\Windows\\system32;C:\\Windows;C:\\Windows\\System32\\Wbem;C:\\Windows\\System32\\WindowsPowerShell\\v1.0\\;C:\\Program Files (x86)\\NVIDIA Corporation\\PhysX\\Common;C:\\Program Files (x86)\\Intel\\Intel(R) Management Engine Components\\DAL;C:\\Program Files\\Intel\\Intel(R) Management Engine Components\\DAL;C:\\Program Files (x86)\\Intel\\Intel(R) Management Engine Components\\IPT;C:\\Program Files\\Intel\\Intel(R) Management Engine Components\\IPT;E:\\phpStudy\\php\\php-7.0.12-nts;C:\\ProgramData\\ComposerSetup\\bin;C:\\WINDOWS\\system32;C:\\WINDOWS;C:\\WINDOWS\\System32\\Wbem;C:\\WINDOWS\\System32\\WindowsPowerShell\\v1.0\\;C:\\Program Files\\TortoiseSVN\\bin;C:\\WINDOWS\\System32\\OpenSSH\\;C:\\Program Files\\Git\\cmd;C:\\Program Files\\TortoiseGit\\bin;C:\\Users\\FOCUS\\AppData\\Roaming\\Composer\\vendor\\bin;C:\\Users\\FOCUS\\AppData\\Local\\Microsoft\\WindowsApps;'
    'PATHEXT' => '.COM;.EXE;.BAT;.CMD;.VBS;.VBE;.JS;.JSE;.WSF;.WSH;.MSC'
    'PROCESSOR_ARCHITECTURE' => 'AMD64'
    'PROCESSOR_IDENTIFIER' => 'Intel64 Family 6 Model 94 Stepping 3, GenuineIntel'
    'PROCESSOR_LEVEL' => '6'
    'PROCESSOR_REVISION' => '5e03'
    'ProgramData' => 'C:\\ProgramData'
    'ProgramFiles' => 'C:\\Program Files'
    'ProgramFiles(x86)' => 'C:\\Program Files (x86)'
    'ProgramW6432' => 'C:\\Program Files'
    'PSModulePath' => 'C:\\Program Files\\WindowsPowerShell\\Modules;C:\\WINDOWS\\system32\\WindowsPowerShell\\v1.0\\Modules'
    'PUBLIC' => 'C:\\Users\\Public'
    'SESSIONNAME' => 'Console'
    'SystemDrive' => 'C:'
    'SystemRoot' => 'C:\\WINDOWS'
    'TEMP' => 'C:\\Users\\FOCUS\\AppData\\Local\\Temp'
    'TMP' => 'C:\\Users\\FOCUS\\AppData\\Local\\Temp'
    'USERDOMAIN' => 'DESKTOP-JJ1DDK5'
    'USERDOMAIN_ROAMINGPROFILE' => 'DESKTOP-JJ1DDK5'
    'USERNAME' => 'FOCUS'
    'USERPROFILE' => 'C:\\Users\\FOCUS'
    'windir' => 'C:\\WINDOWS'
    'HTTP_COOKIE' => '_csrf=50fceebdbefbe3d605d7477dc31ad9286544c70bf8ff19909bd3f79d83c8fb3fa%3A2%3A%7Bi%3A0%3Bs%3A5%3A%22_csrf%22%3Bi%3A1%3Bs%3A32%3A%22QFRxYYbHihnfTRV9R7CDO5m-iG574nC4%22%3B%7D; PHPSESSID=fe87b4aff7r2k741dnl69vl2r2'
    'HTTP_ACCEPT_LANGUAGE' => 'zh-CN,zh;q=0.9'
    'HTTP_ACCEPT_ENCODING' => 'gzip, deflate'
    'HTTP_REFERER' => 'http://frontend.com/signup'
    'HTTP_CONTENT_TYPE' => 'application/x-www-form-urlencoded; charset=UTF-8'
    'HTTP_USER_AGENT' => 'Mozilla/5.0 (Windows NT 10.0; Win64; x64) AppleWebKit/537.36 (KHTML, like Gecko) Chrome/70.0.3538.77 Safari/537.36'
    'HTTP_X_REQUESTED_WITH' => 'XMLHttpRequest'
    'HTTP_X_CSRF_TOKEN' => 'cAB1g5BVV8MYFCJ1QHehsUbKXUOT3qibq9kpSABMwjYhRif7yQw1i3F8TBMUJfeIFP0eB9zrxbbCnhx_NCKBAg=='
    'HTTP_ORIGIN' => 'http://frontend.com'
    'HTTP_ACCEPT' => '*/*'
    'HTTP_CONTENT_LENGTH' => '66'
    'HTTP_CONNECTION' => 'keep-alive'
    'HTTP_HOST' => 'frontend.com'
    'REDIRECT_STATUS' => '200'
    'SERVER_NAME' => 'frontend.com'
    'SERVER_PORT' => '80'
    'SERVER_ADDR' => '127.0.0.1'
    'REMOTE_PORT' => '65199'
    'REMOTE_ADDR' => '127.0.0.1'
    'SERVER_SOFTWARE' => 'nginx/1.11.5'
    'GATEWAY_INTERFACE' => 'CGI/1.1'
    'SERVER_PROTOCOL' => 'HTTP/1.1'
    'DOCUMENT_ROOT' => 'E:\\webApp\\frontend\\web'
    'DOCUMENT_URI' => '/index.php/public/send-mobile-code'
    'REQUEST_URI' => '/public/send-mobile-code'
    'SCRIPT_NAME' => '/index.php'
    'CONTENT_LENGTH' => '66'
    'CONTENT_TYPE' => 'application/x-www-form-urlencoded; charset=UTF-8'
    'REQUEST_METHOD' => 'POST'
    'QUERY_STRING' => ''
    'PATH_TRANSLATED' => 'E:\\webApp\\frontend\\web/public/send-mobile-code'
    'PATH_INFO' => '/public/send-mobile-code'
    'SCRIPT_FILENAME' => 'E:\\webApp\\frontend\\web/index.php'
    'FCGI_ROLE' => 'RESPONDER'
    'PHP_SELF' => '/index.php/public/send-mobile-code'
    'REQUEST_TIME_FLOAT' => 1545052489.9936
    'REQUEST_TIME' => 1545052489
]
